Arguments: 
  C:\Program Files\nodejs\node.exe C:\Users\Zivorad\AppData\Roaming\npm\node_modules\yarn\bin\yarn.js add bootstrap font-aweson jquery

PATH: 
  C:\Python311\Scripts\;C:\Python311\;C:\Windows\system32;C:\Windows;C:\Windows\System32\Wbem;C:\Windows\System32\WindowsPowerShell\v1.0\;C:\Windows\System32\OpenSSH\;C:\Program Files (x86)\Novell\GroupWise;C:\MinGW\bin;C:\Program Files\Git\cmd;C:\Program Files\Microsoft SQL Server\150\Tools\Binn\;C:\Program Files\Microsoft SQL Server\Client SDK\ODBC\170\Tools\Binn\;C:\Program Files\dotnet\;C:\Program Files\nodejs\;C:\ProgramData\chocolatey\bin;C:\Program Files\MySQL\MySQL Shell 8.0\bin\;C:\Users\Zivorad\AppData\Local\Microsoft\WindowsApps;C:\Users\Zivorad\AppData\Local\Programs\Microsoft VS Code\bin;C:\MinGW\bin;C:\Users\Zivorad\AppData\Local\GitHubDesktop\bin;C:\Users\Zivorad\.dotnet\tools;C:\Users\Zivorad\AppData\Roaming\npm

Yarn version: 
  1.22.19

Node version: 
  19.3.0

Platform: 
  win32 x64

Trace: 
  Error: https://registry.yarnpkg.com/font-aweson: Not found
      at params.callback [as _callback] (C:\Users\Zivorad\AppData\Roaming\npm\node_modules\yarn\lib\cli.js:66145:18)
      at self.callback (C:\Users\Zivorad\AppData\Roaming\npm\node_modules\yarn\lib\cli.js:140890:22)
      at Request.emit (node:events:513:28)
      at Request.<anonymous> (C:\Users\Zivorad\AppData\Roaming\npm\node_modules\yarn\lib\cli.js:141862:10)
      at Request.emit (node:events:513:28)
      at IncomingMessage.<anonymous> (C:\Users\Zivorad\AppData\Roaming\npm\node_modules\yarn\lib\cli.js:141784:12)
      at Object.onceWrapper (node:events:627:28)
      at IncomingMessage.emit (node:events:525:35)
      at endReadableNT (node:internal/streams/readable:1359:12)
      at process.processTicksAndRejections (node:internal/process/task_queues:82:21)

npm manifest: 
  {
    "name": "webd6201-w2021-lab1b",
    "version": "1.0.0",
    "description": "Demo Site for Lab 1",
    "main": "app.js",
    "repository": "https://github.com/durhamprogrammer/WEBD6201-W2021-ICE1b.git",
    "author": "Tom Tsiliopoulos <tsiliopoulos@hotmail.com>",
    "license": "MIT",
    "dependencies": {
      "@fortawesome/fontawesome-free": "^5.15.2",
      "@popperjs/core": "^2.6.0",
      "bootstrap": "^5.0.0-beta1",
      "jquery": "^3.5.1"
    }
  }

yarn manifest: 
  No manifest

Lockfile: 
  # THIS IS AN AUTOGENERATED FILE. DO NOT EDIT THIS FILE DIRECTLY.
  # yarn lockfile v1
  
  
  "@fortawesome/fontawesome-free@^5.15.2":
    version "5.15.2"
    resolved "https://registry.yarnpkg.com/@fortawesome/fontawesome-free/-/fontawesome-free-5.15.2.tgz#218cd7276ab4f9ab57cc3d2efa2697e6a579f25d"
    integrity sha512-7l/AX41m609L/EXI9EKH3Vs3v0iA8tKlIOGtw+kgcoanI7p+e4I4GYLqW3UXWiTnjSFymKSmTTPKYrivzbxxqA==
  
  "@popperjs/core@^2.6.0":
    version "2.6.0"
    resolved "https://registry.yarnpkg.com/@popperjs/core/-/core-2.6.0.tgz#f022195afdfc942e088ee2101285a1d31c7d727f"
    integrity sha512-cPqjjzuFWNK3BSKLm0abspP0sp/IGOli4p5I5fKFAzdS8fvjdOwDCfZqAaIiXd9lPkOWi3SUUfZof3hEb7J/uw==
  
  bootstrap@^5.0.0-beta1:
    version "5.0.0-beta1"
    resolved "https://registry.yarnpkg.com/bootstrap/-/bootstrap-5.0.0-beta1.tgz#18135001a452b3ec38b344ac638a1f9549285ee7"
    integrity sha512-UrHApw/WRmT7l2rlDdn5iXr7Jps/LlMZtJlLn9G41aGDfss48hyDeYyHtX1C6NHKVcmdUarGG+ve0LZB5iHyTQ==
  
  jquery@^3.5.1:
    version "3.5.1"
    resolved "https://registry.yarnpkg.com/jquery/-/jquery-3.5.1.tgz#d7b4d08e1bfdb86ad2f1a3d039ea17304717abb5"
    integrity sha512-XwIBPqcMn57FxfT+Go5pzySnm4KWkT1Tv7gjrpT1srtf8Weynl6R273VJ5GjkRb51IzMp5nbaPjJXMWeju2MKg==
